<?xml version="1.0" encoding="UTF-8"?>
<!-- Generated by org.testng.reporters.JUnitReportReporter -->
<testsuite hostname="KishoreMS" failures="0" tests="3" name="com.chain.DeleteAddress" time="10.817" errors="0" timestamp="2022-05-01T16:06:59 IST" skipped="0">
  <testcase classname="com.chain.DeleteAddress" name="login" time="8.522"/>
  <system-out/>
  <testcase classname="com.chain.DeleteAddress" name="getAddress" time="0.899"/>
  <system-out/>
  <testcase classname="com.chain.DeleteAddress" name="deleteAddress" time="1.396"/>
  <system-out/>
</testsuite> <!-- com.chain.DeleteAddress -->
