<?xml version="1.0" encoding="UTF-8"?>
<!-- Generated by org.testng.reporters.JUnitReportReporter -->
<testsuite hostname="KishoreMS" failures="0" tests="5" name="com.chain.VelsClub" time="11.440" errors="0" timestamp="2022-05-01T15:24:27 IST" skipped="3">
  <testcase classname="com.chain.VelsClub" name="login" time="9.701"/>
  <system-out/>
  <testcase classname="com.chain.VelsClub" name="getAddress" time="1.739"/>
  <system-out/>
  <testcase classname="com.chain.VelsClub" name="deleteAddress">
    <skipped/>
  </testcase> <!-- deleteAddress -->
  <system-out/>
  <testcase classname="com.chain.VelsClub" name="updateAddress">
    <skipped/>
  </testcase> <!-- updateAddress -->
  <system-out/>
  <testcase classname="com.chain.VelsClub" name="addAddress">
    <skipped/>
  </testcase> <!-- addAddress -->
  <system-out/>
</testsuite> <!-- com.chain.VelsClub -->
